-------------------------
Test of c:\p\aop\src\acceptance_tests\args_positive.n
-------------------------
Unexpected Nemerle compiler's message :
c:\p\aop\src\acceptance_tests\args_positive.n:29:1:29:6: error: expected type pattern
-------------------------
Unexpected Nemerle compiler's message :
c:\p\aop\src\acceptance_tests\args_positive.n:29:1:29:6: error: Fatal error
-------------------------
Unexpected Nemerle compiler's message :
c:\p\aop\src\acceptance_tests\args_positive.n:29:1:29:6: error: args was unexpected pointcut
-------------------------
Unexpected Nemerle compiler's message :
c:\p\aop\src\acceptance_tests\args_positive.n:29:1:29:6: error: args was unexpected (parsing and exp)
-------------------------
Unexpected Nemerle compiler's message :
c:\p\aop\src\acceptance_tests\args_positive.n:29:1:29:6: error: args was unexpected (parsing or exp)
-------------------------
Nemerle compile test failed
-------------------------
-------------------------
Test of c:\p\aop\src\acceptance_tests\parentheses_positive.n
-------------------------
Nemerle compiler reported internal error
-------------------------
Nemerle compile test failed
-------------------------
-------------------------
Test of c:\p\aop\src\acceptance_tests\Target_positive.n
-------------------------
Nemerle compiler reported internal error
-------------------------
Nemerle compile test failed
-------------------------
